Log file open, 03/03/20 10:44:54
LogWindows: Failed to load 'aqProf.dll' (GetLastError=126)
LogWindows: File 'aqProf.dll' does not exist
LogWindows: Failed to load 'VtuneApi.dll' (GetLastError=126)
LogWindows: File 'VtuneApi.dll' does not exist
LogWindows: Failed to load 'VtuneApi32e.dll' (GetLastError=126)
LogWindows: File 'VtuneApi32e.dll' does not exist
LogConsoleResponse: Display: Failed to find resolution value strings in scalability ini. Falling back to default.
LogInit: Display: Running engine for game: pvparena
LogPakFile: Registered encryption key '00000000000000000000000000000000': 0 pak files mounted, 0 remain pending
LogPlatformFile: Not using cached read wrapper
LogTaskGraph: Started task graph with 5 named threads and 23 total threads with 3 sets of task threads.
LogStats: Stats thread started at 0.714582
LogD3D11RHI: Loaded GFSDK_Aftermath_Lib.x64.dll
LogICUInternationalization: ICU TimeZone Detection - Raw Offset: +1:00, Platform Override: ''
LogPluginManager: Mounting plugin Paper2D
LogPluginManager: Mounting plugin AISupport
LogPluginManager: Mounting plugin LightPropagationVolume
LogPluginManager: Mounting plugin ActorLayerUtilities
LogPluginManager: Mounting plugin AnimationSharing
LogPluginManager: Mounting plugin CLionSourceCodeAccess
LogPluginManager: Mounting plugin CodeLiteSourceCodeAccess
LogPluginManager: Mounting plugin GitSourceControl
LogPluginManager: Mounting plugin KDevelopSourceCodeAccess
LogPluginManager: Mounting plugin NullSourceCodeAccess
LogPluginManager: Mounting plugin PerforceSourceControl
LogPluginManager: Mounting plugin SubversionSourceControl
LogPluginManager: Mounting plugin UObjectPlugin
LogPluginManager: Mounting plugin VisualStudioCodeSourceCodeAccess
LogPluginManager: Mounting plugin VisualStudioSourceCodeAccess
LogPluginManager: Mounting plugin XCodeSourceCodeAccess
LogPluginManager: Mounting plugin AssetManagerEditor
LogPluginManager: Mounting plugin CryptoKeys
LogPluginManager: Mounting plugin DataValidation
LogPluginManager: Mounting plugin FacialAnimation
LogPluginManager: Mounting plugin GameplayTagsEditor
LogPluginManager: Mounting plugin MacGraphicsSwitching
LogPluginManager: Mounting plugin MaterialAnalyzer
LogPluginManager: Mounting plugin MobileLauncherProfileWizard
LogPluginManager: Mounting plugin PluginBrowser
LogPluginManager: Mounting plugin SpeedTreeImporter
LogPluginManager: Mounting plugin DatasmithContent
LogPluginManager: Mounting plugin VariantManagerContent
LogPluginManager: Mounting plugin AlembicImporter
LogPluginManager: Mounting plugin AppleImageUtils
LogPluginManager: Mounting plugin AppleVision
LogPluginManager: Mounting plugin BackChannel
LogPluginManager: Mounting plugin CharacterAI
LogPluginManager: Mounting plugin GeometryCache
LogPluginManager: Mounting plugin HTML5Networking
LogPluginManager: Mounting plugin ProxyLODPlugin
LogPluginManager: Mounting plugin SkeletalReduction
LogPluginManager: Mounting plugin MagicLeap
LogPluginManager: Mounting plugin MagicLeapMedia
LogPluginManager: Mounting plugin AndroidMedia
LogPluginManager: Mounting plugin AvfMedia
LogPluginManager: Mounting plugin ImgMedia
LogPluginManager: Mounting plugin LinearTimecode
LogPluginManager: Mounting plugin MediaCompositing
LogPluginManager: Mounting plugin MediaPlayerEditor
LogPluginManager: Mounting plugin WebMMedia
LogPluginManager: Mounting plugin WmfMedia
LogPluginManager: Mounting plugin TcpMessaging
LogPluginManager: Mounting plugin UdpMessaging
LogPluginManager: Mounting plugin ActorSequence
LogPluginManager: Mounting plugin LevelSequenceEditor
LogPluginManager: Mounting plugin MatineeToLevelSequence
LogPluginManager: Mounting plugin NetcodeUnitTest
LogPluginManager: Mounting plugin NUTUnrealEngine4
LogPluginManager: Mounting plugin OnlineSubsystemGooglePlay
LogPluginManager: Mounting plugin OnlineSubsystemIOS
LogPluginManager: Mounting plugin OnlineSubsystem
LogPluginManager: Mounting plugin OnlineSubsystemNull
LogPluginManager: Mounting plugin OnlineSubsystemUtils
LogPluginManager: Mounting plugin LauncherChunkInstaller
LogPluginManager: Mounting plugin AndroidDeviceProfileSelector
LogPluginManager: Mounting plugin AndroidMoviePlayer
LogPluginManager: Mounting plugin AndroidPermission
LogPluginManager: Mounting plugin AppleMoviePlayer
LogPluginManager: Mounting plugin ArchVisCharacter
LogPluginManager: Mounting plugin AudioCapture
LogPluginManager: Mounting plugin CableComponent
LogPluginManager: Mounting plugin CustomMeshComponent
LogPluginManager: Mounting plugin EditableMesh
LogPluginManager: Mounting plugin ExampleDeviceProfileSelector
LogPluginManager: Mounting plugin Firebase
LogPluginManager: Mounting plugin GoogleCloudMessaging
LogPluginManager: Mounting plugin IOSDeviceProfileSelector
LogPluginManager: Mounting plugin LinuxDeviceProfileSelector
LogPluginManager: Mounting plugin LocationServicesBPLibrary
LogPluginManager: Mounting plugin MobilePatchingUtils
LogPluginManager: Mounting plugin OculusVR
LogPluginManager: Mounting plugin PhysXVehicles
LogPluginManager: Mounting plugin ProceduralMeshComponent
LogPluginManager: Mounting plugin RuntimePhysXCooking
LogPluginManager: Mounting plugin SignificanceManager
LogPluginManager: Mounting plugin SteamVR
LogPluginManager: Mounting plugin WebMMoviePlayer
LogPluginManager: Mounting plugin WindowsMoviePlayer
LogInit: Using libcurl 7.55.1-DEV
LogInit:  - built for x86_64-pc-win32
LogInit:  - supports SSL with OpenSSL/1.1.1
LogInit:  - supports HTTP deflate (compression) using libz 1.2.8
LogInit:  - other features:
LogInit:      CURL_VERSION_SSL
LogInit:      CURL_VERSION_LIBZ
LogInit:      CURL_VERSION_IPV6
LogInit:      CURL_VERSION_ASYNCHDNS
LogInit:      CURL_VERSION_LARGEFILE
LogInit:      CURL_VERSION_IDN
LogInit:  CurlRequestOptions (configurable via config and command line):
LogInit:  - bVerifyPeer = true  - Libcurl will verify peer certificate
LogInit:  - bUseHttpProxy = false  - Libcurl will NOT use HTTP proxy
LogInit:  - bDontReuseConnections = false  - Libcurl will reuse connections
LogInit:  - MaxHostConnections = 16  - Libcurl will limit the number of connections to a host
LogInit:  - LocalHostAddr = Default
LogInit:  - BufferSize = 65536
LogInit: WinSock: version 1.1 (2.2), MaxSocks=32767, MaxUdp=65467
LogInit: Build: ++UE4+Release-4.22-CL-7053642
LogInit: Engine Version: 4.22.3-7053642+++UE4+Release-4.22
LogInit: Compatible Engine Version: 4.22.0-5660361+++UE4+Release-4.22
LogInit: Net CL: 5660361
LogInit: OS: Windows 10 (Release 1909) (), CPU: Intel(R) Core(TM) i5-9300H CPU @ 2.40GHz, GPU: NVIDIA GeForce RTX 2060
LogInit: Compiled (64-bit): Jun 18 2019 03:09:11
LogInit: Compiled with Visual C++: 19.16.27025.01
LogInit: Build Configuration: Development
LogInit: Branch Name: ++UE4+Release-4.22
LogInit: Command Line: 
LogInit: Base Directory: C:/Program Files/Epic Games/UE_4.22/Engine/Binaries/Win64/
LogInit: Installed Engine Build: 1
LogDevObjectVersion: Number of dev versions registered: 23
LogDevObjectVersion:   Dev-Blueprints (B0D832E4-1F89-4F0D-ACCF-7EB736FD4AA2): 10
LogDevObjectVersion:   Dev-Build (E1C64328-A22C-4D53-A36C-8E866417BD8C): 0
LogDevObjectVersion:   Dev-Core (375EC13C-06E4-48FB-B500-84F0262A717E): 3
LogDevObjectVersion:   Dev-Editor (E4B068ED-F494-42E9-A231-DA0B2E46BB41): 30
LogDevObjectVersion:   Dev-Framework (CFFC743F-43B0-4480-9391-14DF171D2073): 35
LogDevObjectVersion:   Dev-Mobile (B02B49B5-BB20-44E9-A304-32B752E40360): 2
LogDevObjectVersion:   Dev-Networking (A4E4105C-59A1-49B5-A7C5-40C4547EDFEE): 0
LogDevObjectVersion:   Dev-Online (39C831C9-5AE6-47DC-9A44-9C173E1C8E7C): 0
LogDevObjectVersion:   Dev-Physics (78F01B33-EBEA-4F98-B9B4-84EACCB95AA2): 0
LogDevObjectVersion:   Dev-Platform (6631380F-2D4D-43E0-8009-CF276956A95A): 0
LogDevObjectVersion:   Dev-Rendering (12F88B9F-8875-4AFC-A67C-D90C383ABD29): 28
LogDevObjectVersion:   Dev-Sequencer (7B5AE74C-D270-4C10-A958-57980B212A5A): 11
LogDevObjectVersion:   Dev-VR (D7296918-1DD6-4BDD-9DE2-64A83CC13884): 2
LogDevObjectVersion:   Dev-LoadTimes (C2A15278-BFE7-4AFE-6C17-90FF531DF755): 1
LogDevObjectVersion:   Private-Geometry (6EACA3D4-40EC-4CC1-B786-8BED09428FC5): 3
LogDevObjectVersion:   Dev-AnimPhys (29E575DD-E0A3-4627-9D10-D276232CDCEA): 17
LogDevObjectVersion:   Dev-Anim (AF43A65D-7FD3-4947-9873-3E8ED9C1BB05): 2
LogDevObjectVersion:   Dev-ReflectionCapture (6B266CEC-1EC7-4B8F-A30B-E4D90942FC07): 1
LogDevObjectVersion:   Dev-Automation (0DF73D61-A23F-47EA-B727-89E90C41499A): 1
LogDevObjectVersion:   FortniteMain (601D1886-AC64-4F84-AA16-D3DE0DEAC7D6): 25
LogDevObjectVersion:   Dev-Enterprise (9DFFBCD6-494F-0158-E221-12823C92A888): 6
LogDevObjectVersion:   Dev-Niagara (F2AED0AC-9AFE-416F-8664-AA7FFA26D6FC): 1
LogDevObjectVersion:   Dev-Destruction (174F1F0B-B4C6-45A5-B13F-2EE8D0FB917D): 2
LogInit: Presizing for max 16777216 objects, including 0 objects not considered by GC, pre-allocating 0 bytes for permanent pool.
LogInit: Object subsystem initialized
LogConfig: Setting CVar [[con.DebugEarlyDefault:1]]
LogConfig: Setting CVar [[r.setres:1280x720]]
[2020.03.03-09.44.54:805][  0]LogConfig: Setting CVar [[r.VSync:0]]
[2020.03.03-09.44.54:805][  0]LogConfig: Setting CVar [[r.RHICmdBypass:0]]
[2020.03.03-09.44.54:805][  0]LogConfig: Applying CVar settings from Section [/Script/Engine.RendererSettings] File [C:/Users/Utilisateur/Documents/Unreal/pvparena/Saved/Config/Windows/Engine.ini]
[2020.03.03-09.44.54:805][  0]LogConfig: Setting CVar [[r.GPUCrashDebugging:0]]
[2020.03.03-09.44.54:805][  0]LogConfig: Setting CVar [[r.DefaultFeature.AutoExposure.ExtendDefaultLuminanceRange:1]]
[2020.03.03-09.44.54:805][  0]LogConfig: Applying CVar settings from Section [/Script/Engine.RendererOverrideSettings] File [C:/Users/Utilisateur/Documents/Unreal/pvparena/Saved/Config/Windows/Engine.ini]
[2020.03.03-09.44.54:805][  0]LogConfig: Applying CVar settings from Section [/Script/Engine.StreamingSettings] File [C:/Users/Utilisateur/Documents/Unreal/pvparena/Saved/Config/Windows/Engine.ini]
[2020.03.03-09.44.54:805][  0]LogConfig: Setting CVar [[s.MinBulkDataSizeForAsyncLoading:131072]]
[2020.03.03-09.44.54:805][  0]LogConfig: Setting CVar [[s.AsyncLoadingThreadEnabled:0]]
[2020.03.03-09.44.54:805][  0]LogConfig: Setting CVar [[s.EventDrivenLoaderEnabled:1]]
[2020.03.03-09.44.54:805][  0]LogConfig: Setting CVar [[s.WarnIfTimeLimitExceeded:0]]
[2020.03.03-09.44.54:805][  0]LogConfig: Setting CVar [[s.TimeLimitExceededMultiplier:1.5]]
[2020.03.03-09.44.54:805][  0]LogConfig: Setting CVar [[s.TimeLimitExceededMinTime:0.005]]
[2020.03.03-09.44.54:805][  0]LogConfig: Setting CVar [[s.UseBackgroundLevelStreaming:1]]
[2020.03.03-09.44.54:805][  0]LogConfig: Setting CVar [[s.PriorityAsyncLoadingExtraTime:15.0]]
[2020.03.03-09.44.54:805][  0]LogConfig: Setting CVar [[s.LevelStreamingActorsUpdateTimeLimit:5.0]]
[2020.03.03-09.44.54:805][  0]LogConfig: Setting CVar [[s.PriorityLevelStreamingActorsUpdateExtraTime:5.0]]
[2020.03.03-09.44.54:805][  0]LogConfig: Setting CVar [[s.LevelStreamingComponentsRegistrationGranularity:10]]
[2020.03.03-09.44.54:805][  0]LogConfig: Setting CVar [[s.UnregisterComponentsTimeLimit:1.0]]
[2020.03.03-09.44.54:805][  0]LogConfig: Setting CVar [[s.LevelStreamingComponentsUnregistrationGranularity:5]]
[2020.03.03-09.44.54:805][  0]LogConfig: Applying CVar settings from Section [/Script/Engine.GarbageCollectionSettings] File [C:/Users/Utilisateur/Documents/Unreal/pvparena/Saved/Config/Windows/Engine.ini]
[2020.03.03-09.44.54:805][  0]LogConfig: Setting CVar [[gc.MaxObjectsNotConsideredByGC:1]]
[2020.03.03-09.44.54:805][  0]LogConfig: Setting CVar [[gc.SizeOfPermanentObjectPool:0]]
[2020.03.03-09.44.54:805][  0]LogConfig: Setting CVar [[gc.FlushStreamingOnGC:0]]
[2020.03.03-09.44.54:805][  0]LogConfig: Setting CVar [[gc.NumRetriesBeforeForcingGC:10]]
[2020.03.03-09.44.54:805][  0]LogConfig: Setting CVar [[gc.AllowParallelGC:1]]
[2020.03.03-09.44.54:805][  0]LogConfig: Setting CVar [[gc.TimeBetweenPurgingPendingKillObjects:61.1]]
[2020.03.03-09.44.54:805][  0]LogConfig: Setting CVar [[gc.MaxObjectsInEditor:16777216]]
[2020.03.03-09.44.54:805][  0]LogConfig: Setting CVar [[gc.IncrementalBeginDestroyEnabled:1]]
[2020.03.03-09.44.54:805][  0]LogConfig: Setting CVar [[gc.CreateGCClusters:1]]
[2020.03.03-09.44.54:805][  0]LogConfig: Setting CVar [[gc.MinGCClusterSize:5]]
[2020.03.03-09.44.54:805][  0]LogConfig: Setting CVar [[gc.ActorClusteringEnabled:0]]
[2020.03.03-09.44.54:805][  0]LogConfig: Setting CVar [[gc.BlueprintClusteringEnabled:0]]
[2020.03.03-09.44.54:805][  0]LogConfig: Setting CVar [[gc.UseDisregardForGCOnDedicatedServers:0]]
[2020.03.03-09.44.54:805][  0]LogConfig: Applying CVar settings from Section [/Script/Engine.NetworkSettings] File [C:/Users/Utilisateur/Documents/Unreal/pvparena/Saved/Config/Windows/Engine.ini]
[2020.03.03-09.44.54:805][  0]LogConfig: Applying CVar settings from Section [/Script/UnrealEd.CookerSettings] File [C:/Users/Utilisateur/Documents/Unreal/pvparena/Saved/Config/Windows/Engine.ini]
[2020.03.03-09.44.54:812][  0]LogConfig: Applying CVar settings from Section [ViewDistanceQuality@3] File [C:/Users/Utilisateur/Documents/Unreal/pvparena/Saved/Config/Windows/Scalability.ini]
[2020.03.03-09.44.54:812][  0]LogConfig: Setting CVar [[r.SkeletalMeshLODBias:0]]
[2020.03.03-09.44.54:812][  0]LogConfig: Setting CVar [[r.ViewDistanceScale:1.0]]
[2020.03.03-09.44.54:812][  0]LogConfig: Applying CVar settings from Section [AntiAliasingQuality@3] File [C:/Users/Utilisateur/Documents/Unreal/pvparena/Saved/Config/Windows/Scalability.ini]
[2020.03.03-09.44.54:812][  0]LogConfig: Setting CVar [[r.PostProcessAAQuality:4]]
[2020.03.03-09.44.54:812][  0]LogConfig: Applying CVar settings from Section [ShadowQuality@3] File [C:/Users/Utilisateur/Documents/Unreal/pvparena/Saved/Config/Windows/Scalability.ini]
[2020.03.03-09.44.54:812][  0]LogConfig: Setting CVar [[r.LightFunctionQuality:1]]
[2020.03.03-09.44.54:812][  0]LogConfig: Setting CVar [[r.ShadowQuality:5]]
[2020.03.03-09.44.54:812][  0]LogConfig: Setting CVar [[r.Shadow.CSM.MaxCascades:10]]
[2020.03.03-09.44.54:812][  0]LogConfig: Setting CVar [[r.Shadow.MaxResolution:2048]]
[2020.03.03-09.44.54:812][  0]LogConfig: Setting CVar [[r.Shadow.MaxCSMResolution:2048]]
[2020.03.03-09.44.54:812][  0]LogConfig: Setting CVar [[r.Shadow.RadiusThreshold:0.01]]
[2020.03.03-09.44.54:812][  0]LogConfig: Setting CVar [[r.Shadow.DistanceScale:1.0]]
[2020.03.03-09.44.54:812][  0]LogConfig: Setting CVar [[r.Shadow.CSM.TransitionScale:1.0]]
[2020.03.03-09.44.54:812][  0]LogConfig: Setting CVar [[r.Shadow.PreShadowResolutionFactor:1.0]]
[2020.03.03-09.44.54:812][  0]LogConfig: Setting CVar [[r.DistanceFieldShadowing:1]]
[2020.03.03-09.44.54:812][  0]LogConfig: Setting CVar [[r.DistanceFieldAO:1]]
[2020.03.03-09.44.54:812][  0]LogConfig: Setting CVar [[r.AOQuality:2]]
[2020.03.03-09.44.54:812][  0]LogConfig: Setting CVar [[r.VolumetricFog:1]]
[2020.03.03-09.44.54:812][  0]LogConfig: Setting CVar [[r.VolumetricFog.GridPixelSize:8]]
[2020.03.03-09.44.54:812][  0]LogConfig: Setting CVar [[r.VolumetricFog.GridSizeZ:128]]
[2020.03.03-09.44.54:812][  0]LogConfig: Setting CVar [[r.VolumetricFog.HistoryMissSupersampleCount:4]]
[2020.03.03-09.44.54:812][  0]LogConfig: Setting CVar [[r.LightMaxDrawDistanceScale:1]]
[2020.03.03-09.44.54:812][  0]LogConfig: Setting CVar [[r.CapsuleShadows:1]]
[2020.03.03-09.44.54:812][  0]LogConfig: Applying CVar settings from Section [PostProcessQuality@3] File [C:/Users/Utilisateur/Documents/Unreal/pvparena/Saved/Config/Windows/Scalability.ini]
[2020.03.03-09.44.54:812][  0]LogConfig: Setting CVar [[r.MotionBlurQuality:4]]
[2020.03.03-09.44.54:812][  0]LogConfig: Setting CVar [[r.AmbientOcclusionMipLevelFactor:0.4]]
[2020.03.03-09.44.54:812][  0]LogConfig: Setting CVar [[r.AmbientOcclusionMaxQuality:100]]
[2020.03.03-09.44.54:812][  0]LogConfig: Setting CVar [[r.AmbientOcclusionLevels:-1]]
[2020.03.03-09.44.54:813][  0]LogConfig: Setting CVar [[r.AmbientOcclusionRadiusScale:1.0]]
[2020.03.03-09.44.54:813][  0]LogConfig: Setting CVar [[r.DepthOfFieldQuality:2]]
[2020.03.03-09.44.54:813][  0]LogConfig: Setting CVar [[r.RenderTargetPoolMin:400]]
[2020.03.03-09.44.54:813][  0]LogConfig: Setting CVar [[r.LensFlareQuality:2]]
[2020.03.03-09.44.54:813][  0]LogConfig: Setting CVar [[r.SceneColorFringeQuality:1]]
[2020.03.03-09.44.54:813][  0]LogConfig: Setting CVar [[r.EyeAdaptationQuality:2]]
[2020.03.03-09.44.54:813][  0]LogConfig: Setting CVar [[r.BloomQuality:5]]
[2020.03.03-09.44.54:813][  0]LogConfig: Setting CVar [[r.FastBlurThreshold:100]]
[2020.03.03-09.44.54:813][  0]LogConfig: Setting CVar [[r.Upscale.Quality:3]]
[2020.03.03-09.44.54:813][  0]LogConfig: Setting CVar [[r.Tonemapper.GrainQuantization:1]]
[2020.03.03-09.44.54:813][  0]LogConfig: Setting CVar [[r.LightShaftQuality:1]]
[2020.03.03-09.44.54:813][  0]LogConfig: Setting CVar [[r.Filter.SizeScale:1]]
[2020.03.03-09.44.54:813][  0]LogConfig: Setting CVar [[r.Tonemapper.Quality:5]]
[2020.03.03-09.44.54:813][  0]LogConfig: Setting CVar [[r.DOF.Gather.AccumulatorQuality:1        ; higher gathering accumulator quality]]
[2020.03.03-09.44.54:813][  0]LogConfig: Setting CVar [[r.DOF.Gather.PostfilterMethod:1          ; Median3x3 postfilering method]]
[2020.03.03-09.44.54:813][  0]LogConfig: Setting CVar [[r.DOF.Gather.EnableBokehSettings:0       ; no bokeh simulation when gathering]]
[2020.03.03-09.44.54:813][  0]LogConfig: Setting CVar [[r.DOF.Gather.RingCount:4                 ; medium number of samples when gathering]]
[2020.03.03-09.44.54:813][  0]LogConfig: Setting CVar [[r.DOF.Scatter.ForegroundCompositing:1    ; additive foreground scattering]]
[2020.03.03-09.44.54:813][  0]LogConfig: Setting CVar [[r.DOF.Scatter.BackgroundCompositing:2    ; additive background scattering]]
[2020.03.03-09.44.54:813][  0]LogConfig: Setting CVar [[r.DOF.Scatter.EnableBokehSettings:1      ; bokeh simulation when scattering]]
[2020.03.03-09.44.54:813][  0]LogConfig: Setting CVar [[r.DOF.Scatter.MaxSpriteRatio:0.1         ; only a maximum of 10% of scattered bokeh]]
[2020.03.03-09.44.54:813][  0]LogConfig: Setting CVar [[r.DOF.Recombine.Quality:1                ; cheap slight out of focus]]
[2020.03.03-09.44.54:813][  0]LogConfig: Setting CVar [[r.DOF.Recombine.EnableBokehSettings:0    ; no bokeh simulation on slight out of focus]]
[2020.03.03-09.44.54:813][  0]LogConfig: Setting CVar [[r.DOF.TemporalAAQuality:1                ; more stable temporal accumulation]]
[2020.03.03-09.44.54:813][  0]LogConfig: Setting CVar [[r.DOF.Kernel.MaxForegroundRadius:0.025]]
[2020.03.03-09.44.54:813][  0]LogConfig: Setting CVar [[r.DOF.Kernel.MaxBackgroundRadius:0.025]]
[2020.03.03-09.44.54:813][  0]LogConfig: Applying CVar settings from Section [TextureQuality@3] File [C:/Users/Utilisateur/Documents/Unreal/pvparena/Saved/Config/Windows/Scalability.ini]
[2020.03.03-09.44.54:813][  0]LogConfig: Setting CVar [[r.Streaming.MipBias:0]]
[2020.03.03-09.44.54:813][  0]LogConfig: Setting CVar [[r.Streaming.AmortizeCPUToGPUCopy:0]]
[2020.03.03-09.44.54:813][  0]LogConfig: Setting CVar [[r.Streaming.MaxNumTexturesToStreamPerFrame:0]]
[2020.03.03-09.44.54:813][  0]LogConfig: Setting CVar [[r.Streaming.Boost:1]]
[2020.03.03-09.44.54:813][  0]LogConfig: Setting CVar [[r.MaxAnisotropy:8]]
[2020.03.03-09.44.54:813][  0]LogConfig: Setting CVar [[r.Streaming.LimitPoolSizeToVRAM:0]]
[2020.03.03-09.44.54:813][  0]LogConfig: Setting CVar [[r.Streaming.PoolSize:1000]]
[2020.03.03-09.44.54:813][  0]LogConfig: Setting CVar [[r.Streaming.MaxEffectiveScreenSize:0]]
[2020.03.03-09.44.54:813][  0]LogConfig: Applying CVar settings from Section [EffectsQuality@3] File [C:/Users/Utilisateur/Documents/Unreal/pvparena/Saved/Config/Windows/Scalability.ini]
[2020.03.03-09.44.54:813][  0]LogConfig: Setting CVar [[r.TranslucencyLightingVolumeDim:64]]
[2020.03.03-09.44.54:813][  0]LogConfig: Setting CVar [[r.RefractionQuality:2]]
[2020.03.03-09.44.54:813][  0]LogConfig: Setting CVar [[r.SSR.Quality:3]]
[2020.03.03-09.44.54:813][  0]LogConfig: Setting CVar [[r.SceneColorFormat:4]]
[2020.03.03-09.44.54:813][  0]LogConfig: Setting CVar [[r.DetailMode:2]]
[2020.03.03-09.44.54:813][  0]LogConfig: Setting CVar [[r.TranslucencyVolumeBlur:1]]
[2020.03.03-09.44.54:813][  0]LogConfig: Setting CVar [[r.MaterialQualityLevel:1 ; High quality]]
[2020.03.03-09.44.54:813][  0]LogConfig: Setting CVar [[r.SSS.Scale:1]]
[2020.03.03-09.44.54:813][  0]LogConfig: Setting CVar [[r.SSS.SampleSet:2]]
[2020.03.03-09.44.54:813][  0]LogConfig: Setting CVar [[r.SSS.Quality:1]]
[2020.03.03-09.44.54:813][  0]LogConfig: Setting CVar [[r.SSS.HalfRes:1]]
[2020.03.03-09.44.54:813][  0]LogConfig: Setting CVar [[r.EmitterSpawnRateScale:1.0]]
[2020.03.03-09.44.54:813][  0]LogConfig: Setting CVar [[r.ParticleLightQuality:2]]
[2020.03.03-09.44.54:813][  0]LogConfig: Applying CVar settings from Section [FoliageQuality@3] File [C:/Users/Utilisateur/Documents/Unreal/pvparena/Saved/Config/Windows/Scalability.ini]
[2020.03.03-09.44.54:813][  0]LogConfig: Setting CVar [[foliage.DensityScale:1.0]]
[2020.03.03-09.44.54:813][  0]LogConfig: Setting CVar [[grass.DensityScale:1.0]]
[2020.03.03-09.44.54:814][  0]LogInit: Selected Device Profile: [Windows]
[2020.03.03-09.44.54:814][  0]LogInit: Applying CVar settings loaded from the selected device profile: [Windows]
[2020.03.03-09.44.54:838][  0]LogHAL: Display: Platform has ~ 16 GB [17096134656 / 17179869184 / 16], which maps to Larger [LargestMinGB=32, LargerMinGB=12, DefaultMinGB=8, SmallerMinGB=6, SmallestMinGB=0)
[2020.03.03-09.44.54:839][  0]LogConfig: Setting CVar [[r.Vulkan.UseRealUBs:0		; Required until we fix HLR fall-out]]
[2020.03.03-09.44.54:839][  0]LogInit: Going up to parent DeviceProfile []
[2020.03.03-09.44.54:839][  0]LogConfig: Applying CVar settings from Section [ViewDistanceQuality@3] File [C:/Users/Utilisateur/Documents/Unreal/pvparena/Saved/Config/Windows/Scalability.ini]
[2020.03.03-09.44.54:839][  0]LogConfig: Setting CVar [[r.SkeletalMeshLODBias:0]]
[2020.03.03-09.44.54:839][  0]LogConfig: Setting CVar [[r.ViewDistanceScale:1.0]]
[2020.03.03-09.44.54:839][  0]LogConfig: Applying CVar settings from Section [AntiAliasingQuality@3] File [C:/Users/Utilisateur/Documents/Unreal/pvparena/Saved/Config/Windows/Scalability.ini]
[2020.03.03-09.44.54:839][  0]LogConfig: Setting CVar [[r.PostProcessAAQuality:4]]
[2020.03.03-09.44.54:839][  0]LogConfig: Applying CVar settings from Section [ShadowQuality@3] File [C:/Users/Utilisateur/Documents/Unreal/pvparena/Saved/Config/Windows/Scalability.ini]
[2020.03.03-09.44.54:839][  0]LogConfig: Setting CVar [[r.LightFunctionQuality:1]]
[2020.03.03-09.44.54:839][  0]LogConfig: Setting CVar [[r.ShadowQuality:5]]
[2020.03.03-09.44.54:839][  0]LogConfig: Setting CVar [[r.Shadow.CSM.MaxCascades:10]]
[2020.03.03-09.44.54:839][  0]LogConfig: Setting CVar [[r.Shadow.MaxResolution:2048]]
[2020.03.03-09.44.54:839][  0]LogConfig: Setting CVar [[r.Shadow.MaxCSMResolution:2048]]
[2020.03.03-09.44.54:839][  0]LogConfig: Setting CVar [[r.Shadow.RadiusThreshold:0.01]]
[2020.03.03-09.44.54:839][  0]LogConfig: Setting CVar [[r.Shadow.DistanceScale:1.0]]
[2020.03.03-09.44.54:839][  0]LogConfig: Setting CVar [[r.Shadow.CSM.TransitionScale:1.0]]
[2020.03.03-09.44.54:839][  0]LogConfig: Setting CVar [[r.Shadow.PreShadowResolutionFactor:1.0]]
[2020.03.03-09.44.54:839][  0]LogConfig: Setting CVar [[r.DistanceFieldShadowing:1]]
[2020.03.03-09.44.54:839][  0]LogConfig: Setting CVar [[r.DistanceFieldAO:1]]
[2020.03.03-09.44.54:839][  0]LogConfig: Setting CVar [[r.AOQuality:2]]
[2020.03.03-09.44.54:839][  0]LogConfig: Setting CVar [[r.VolumetricFog:1]]
[2020.03.03-09.44.54:839][  0]LogConfig: Setting CVar [[r.VolumetricFog.GridPixelSize:8]]
[2020.03.03-09.44.54:839][  0]LogConfig: Setting CVar [[r.VolumetricFog.GridSizeZ:128]]
[2020.03.03-09.44.54:839][  0]LogConfig: Setting CVar [[r.VolumetricFog.HistoryMissSupersampleCount:4]]
[2020.03.03-09.44.54:839][  0]LogConfig: Setting CVar [[r.LightMaxDrawDistanceScale:1]]
[2020.03.03-09.44.54:839][  0]LogConfig: Setting CVar [[r.CapsuleShadows:1]]
[2020.03.03-09.44.54:839][  0]LogConfig: Applying CVar settings from Section [PostProcessQuality@3] File [C:/Users/Utilisateur/Documents/Unreal/pvparena/Saved/Config/Windows/Scalability.ini]
[2020.03.03-09.44.54:839][  0]LogConfig: Setting CVar [[r.MotionBlurQuality:4]]
[2020.03.03-09.44.54:839][  0]LogConfig: Setting CVar [[r.AmbientOcclusionMipLevelFactor:0.4]]
[2020.03.03-09.44.54:839][  0]LogConfig: Setting CVar [[r.AmbientOcclusionMaxQuality:100]]
[2020.03.03-09.44.54:839][  0]LogConfig: Setting CVar [[r.AmbientOcclusionLevels:-1]]
[2020.03.03-09.44.54:839][  0]LogConfig: Setting CVar [[r.AmbientOcclusionRadiusScale:1.0]]
[2020.03.03-09.44.54:839][  0]LogConfig: Setting CVar [[r.DepthOfFieldQuality:2]]
[2020.03.03-09.44.54:839][  0]LogConfig: Setting CVar [[r.RenderTargetPoolMin:400]]
[2020.03.03-09.44.54:840][  0]LogConfig: Setting CVar [[r.LensFlareQuality:2]]
[2020.03.03-09.44.54:840][  0]LogConfig: Setting CVar [[r.SceneColorFringeQuality:1]]
[2020.03.03-09.44.54:840][  0]LogConfig: Setting CVar [[r.EyeAdaptationQuality:2]]
[2020.03.03-09.44.54:840][  0]LogConfig: Setting CVar [[r.BloomQuality:5]]
[2020.03.03-09.44.54:840][  0]LogConfig: Setting CVar [[r.FastBlurThreshold:100]]
[2020.03.03-09.44.54:840][  0]LogConfig: Setting CVar [[r.Upscale.Quality:3]]
[2020.03.03-09.44.54:840][  0]LogConfig: Setting CVar [[r.Tonemapper.GrainQuantization:1]]
[2020.03.03-09.44.54:840][  0]LogConfig: Setting CVar [[r.LightShaftQuality:1]]
[2020.03.03-09.44.54:840][  0]LogConfig: Setting CVar [[r.Filter.SizeScale:1]]
[2020.03.03-09.44.54:840][  0]LogConfig: Setting CVar [[r.Tonemapper.Quality:5]]
[2020.03.03-09.44.54:840][  0]LogConfig: Setting CVar [[r.DOF.Gather.AccumulatorQuality:1        ; higher gathering accumulator quality]]
[2020.03.03-09.44.54:840][  0]LogConfig: Setting CVar [[r.DOF.Gather.PostfilterMethod:1          ; Median3x3 postfilering method]]
[2020.03.03-09.44.54:840][  0]LogConfig: Setting CVar [[r.DOF.Gather.EnableBokehSettings:0       ; no bokeh simulation when gathering]]
[2020.03.03-09.44.54:840][  0]LogConfig: Setting CVar [[r.DOF.Gather.RingCount:4                 ; medium number of samples when gathering]]
[2020.03.03-09.44.54:840][  0]LogConfig: Setting CVar [[r.DOF.Scatter.ForegroundCompositing:1    ; additive foreground scattering]]
[2020.03.03-09.44.54:840][  0]LogConfig: Setting CVar [[r.DOF.Scatter.BackgroundCompositing:2    ; additive background scattering]]
[2020.03.03-09.44.54:840][  0]LogConfig: Setting CVar [[r.DOF.Scatter.EnableBokehSettings:1      ; bokeh simulation when scattering]]
[2020.03.03-09.44.54:840][  0]LogConfig: Setting CVar [[r.DOF.Scatter.MaxSpriteRatio:0.1         ; only a maximum of 10% of scattered bokeh]]
[2020.03.03-09.44.54:840][  0]LogConfig: Setting CVar [[r.DOF.Recombine.Quality:1                ; cheap slight out of focus]]
[2020.03.03-09.44.54:840][  0]LogConfig: Setting CVar [[r.DOF.Recombine.EnableBokehSettings:0    ; no bokeh simulation on slight out of focus]]
[2020.03.03-09.44.54:840][  0]LogConfig: Setting CVar [[r.DOF.TemporalAAQuality:1                ; more stable temporal accumulation]]
[2020.03.03-09.44.54:840][  0]LogConfig: Setting CVar [[r.DOF.Kernel.MaxForegroundRadius:0.025]]
[2020.03.03-09.44.54:840][  0]LogConfig: Setting CVar [[r.DOF.Kernel.MaxBackgroundRadius:0.025]]
[2020.03.03-09.44.54:840][  0]LogConfig: Applying CVar settings from Section [TextureQuality@3] File [C:/Users/Utilisateur/Documents/Unreal/pvparena/Saved/Config/Windows/Scalability.ini]
[2020.03.03-09.44.54:840][  0]LogConfig: Setting CVar [[r.Streaming.MipBias:0]]
[2020.03.03-09.44.54:840][  0]LogConfig: Setting CVar [[r.Streaming.AmortizeCPUToGPUCopy:0]]
[2020.03.03-09.44.54:840][  0]LogConfig: Setting CVar [[r.Streaming.MaxNumTexturesToStreamPerFrame:0]]
[2020.03.03-09.44.54:840][  0]LogConfig: Setting CVar [[r.Streaming.Boost:1]]
[2020.03.03-09.44.54:840][  0]LogConfig: Setting CVar [[r.MaxAnisotropy:8]]
[2020.03.03-09.44.54:840][  0]LogConfig: Setting CVar [[r.Streaming.LimitPoolSizeToVRAM:0]]
[2020.03.03-09.44.54:840][  0]LogConfig: Setting CVar [[r.Streaming.PoolSize:1000]]
[2020.03.03-09.44.54:840][  0]LogConfig: Setting CVar [[r.Streaming.MaxEffectiveScreenSize:0]]
[2020.03.03-09.44.54:840][  0]LogConfig: Applying CVar settings from Section [EffectsQuality@3] File [C:/Users/Utilisateur/Documents/Unreal/pvparena/Saved/Config/Windows/Scalability.ini]
[2020.03.03-09.44.54:840][  0]LogConfig: Setting CVar [[r.TranslucencyLightingVolumeDim:64]]
[2020.03.03-09.44.54:840][  0]LogConfig: Setting CVar [[r.RefractionQuality:2]]
[2020.03.03-09.44.54:840][  0]LogConfig: Setting CVar [[r.SSR.Quality:3]]
[2020.03.03-09.44.54:840][  0]LogConfig: Setting CVar [[r.SceneColorFormat:4]]
[2020.03.03-09.44.54:840][  0]LogConfig: Setting CVar [[r.DetailMode:2]]
[2020.03.03-09.44.54:840][  0]LogConfig: Setting CVar [[r.TranslucencyVolumeBlur:1]]
[2020.03.03-09.44.54:840][  0]LogConfig: Setting CVar [[r.MaterialQualityLevel:1 ; High quality]]
[2020.03.03-09.44.54:840][  0]LogConfig: Setting CVar [[r.SSS.Scale:1]]
[2020.03.03-09.44.54:840][  0]LogConfig: Setting CVar [[r.SSS.SampleSet:2]]
[2020.03.03-09.44.54:840][  0]LogConfig: Setting CVar [[r.SSS.Quality:1]]
[2020.03.03-09.44.54:840][  0]LogConfig: Setting CVar [[r.SSS.HalfRes:1]]
[2020.03.03-09.44.54:840][  0]LogConfig: Setting CVar [[r.EmitterSpawnRateScale:1.0]]
[2020.03.03-09.44.54:840][  0]LogConfig: Setting CVar [[r.ParticleLightQuality:2]]
[2020.03.03-09.44.54:840][  0]LogConfig: Applying CVar settings from Section [FoliageQuality@3] File [C:/Users/Utilisateur/Documents/Unreal/pvparena/Saved/Config/Windows/Scalability.ini]
[2020.03.03-09.44.54:840][  0]LogConfig: Setting CVar [[foliage.DensityScale:1.0]]
[2020.03.03-09.44.54:840][  0]LogConfig: Setting CVar [[grass.DensityScale:1.0]]
[2020.03.03-09.44.54:840][  0]LogConfig: Applying CVar settings from Section [Startup] File [../../../Engine/Config/ConsoleVariables.ini]
[2020.03.03-09.44.54:845][  0]LogConfig: Setting CVar [[net.UseAdaptiveNetUpdateFrequency:0]]
[2020.03.03-09.44.54:846][  0]LogConfig: Setting CVar [[p.chaos.AllowCreatePhysxBodies:1]]
[2020.03.03-09.44.54:846][  0]LogConfig: Applying CVar settings from Section [ConsoleVariables] File [C:/Users/Utilisateur/Documents/Unreal/pvparena/Saved/Config/Windows/Engine.ini]
[2020.03.03-09.44.54:847][  0]LogInit: Computer: DESKTOP-RJHG6DF
[2020.03.03-09.44.54:847][  0]LogInit: User: Utilisateur
[2020.03.03-09.44.54:847][  0]LogInit: CPU Page size=4096, Cores=4
[2020.03.03-09.44.54:847][  0]LogInit: High frequency timer resolution =10.000000 MHz
[2020.03.03-09.44.54:847][  0]LogMemory: Memory total: Physical=15.9GB (16GB approx)
[2020.03.03-09.44.54:847][  0]LogMemory: Platform Memory Stats for Windows
[2020.03.03-09.44.54:847][  0]LogMemory: Process Physical Memory: 96.22 MB used, 96.22 MB peak
[2020.03.03-09.44.54:847][  0]LogMemory: Process Virtual Memory: 90.48 MB used, 90.48 MB peak
[2020.03.03-09.44.54:847][  0]LogMemory: Physical Memory: 9659.16 MB used,  6644.99 MB free, 16304.14 MB total
[2020.03.03-09.44.54:847][  0]LogMemory: Virtual Memory: 4643.78 MB used,  134213088.00 MB free, 134217728.00 MB total
[2020.03.03-09.44.55:064][  0]LogInit: Using OS detected language (fr-FR).
[2020.03.03-09.44.55:064][  0]LogInit: Using OS detected locale (fr-FR).
[2020.03.03-09.44.55:067][  0]LogTextLocalizationManager: No specific localization for 'fr-FR' exists, so the 'fr' localization will be used.
[2020.03.03-09.44.55:067][  0]LogTextLocalizationResource: LocRes '../../../Engine/Content/Localization/Editor/fr/Editor.locres' could not be opened for reading!
[2020.03.03-09.44.55:067][  0]LogTextLocalizationResource: LocRes '../../../Engine/Content/Localization/EditorTutorials/fr/EditorTutorials.locres' could not be opened for reading!
[2020.03.03-09.44.55:068][  0]LogTextLocalizationResource: LocRes '../../../Engine/Content/Localization/Keywords/fr/Keywords.locres' could not be opened for reading!
[2020.03.03-09.44.55:068][  0]LogTextLocalizationResource: LocRes '../../../Engine/Content/Localization/Category/fr/Category.locres' could not be opened for reading!
[2020.03.03-09.44.55:068][  0]LogTextLocalizationResource: LocRes '../../../Engine/Content/Localization/ToolTips/fr/ToolTips.locres' could not be opened for reading!
[2020.03.03-09.44.55:069][  0]LogTextLocalizationResource: LocRes '../../../Engine/Content/Localization/PropertyNames/fr/PropertyNames.locres' could not be opened for reading!
[2020.03.03-09.44.55:069][  0]LogTextLocalizationResource: LocRes '../../../Engine/Content/Localization/Engine/fr/Engine.locres' could not be opened for reading!
[2020.03.03-09.44.55:093][  0]LogInit: Setting process to per monitor DPI aware
[2020.03.03-09.44.55:202][  0]LogSlate: New Slate User Created.  User Index 0, Is Virtual User: 0
[2020.03.03-09.44.55:202][  0]LogSlate: Slate User Registered.  User Index 0, Is Virtual User: 0
[2020.03.03-09.44.57:642][  0]LogHMD: Failed to initialize OpenVR with code 126
[2020.03.03-09.44.57:642][  0]LogD3D11RHI: D3D11 adapters:
[2020.03.03-09.44.57:716][  0]LogD3D11RHI:    0. 'NVIDIA GeForce RTX 2060' (Feature Level 11_0)
[2020.03.03-09.44.57:716][  0]LogD3D11RHI:       5980/0/8152 MB DedicatedVideo/DedicatedSystem/SharedSystem, Outputs:2, VendorId:0x10de
[2020.03.03-09.44.57:719][  0]LogD3D11RHI:    1. 'Microsoft Basic Render Driver' (Feature Level 11_0)
[2020.03.03-09.44.57:719][  0]LogD3D11RHI:       0/0/8152 MB DedicatedVideo/DedicatedSystem/SharedSystem, Outputs:0, VendorId:0x1414
[2020.03.03-09.44.57:719][  0]LogD3D11RHI: Chosen D3D11 Adapter: 0
[2020.03.03-09.44.57:728][  0]LogD3D11RHI: Creating new Direct3DDevice
[2020.03.03-09.44.57:729][  0]LogD3D11RHI:     GPU DeviceId: 0x1f11 (for the marketing name, search the web for "GPU Device Id")
[2020.03.03-09.44.57:729][  0]LogWindows: EnumDisplayDevices:
[2020.03.03-09.44.57:729][  0]LogWindows:    0. 'NVIDIA GeForce RTX 2060' (P:1 D:1)
[2020.03.03-09.44.57:729][  0]LogWindows:    1. 'NVIDIA GeForce RTX 2060' (P:0 D:1)
[2020.03.03-09.44.57:729][  0]LogWindows:    2. 'NVIDIA GeForce RTX 2060' (P:0 D:0)
[2020.03.03-09.44.57:730][  0]LogWindows:    3. 'NVIDIA GeForce RTX 2060' (P:0 D:0)
[2020.03.03-09.44.57:730][  0]LogWindows: DebugString: FoundDriverCount:4 
[2020.03.03-09.44.57:730][  0]LogD3D11RHI:     Adapter Name: NVIDIA GeForce RTX 2060
[2020.03.03-09.44.57:730][  0]LogD3D11RHI:   Driver Version: 442.19 (internal:26.21.14.4219, unified:442.19)
[2020.03.03-09.44.57:730][  0]LogD3D11RHI:      Driver Date: 1-29-2020
[2020.03.03-09.44.57:730][  0]LogRHI: Texture pool is 4186 MB (70% of 5980 MB)
[2020.03.03-09.44.57:775][  0]LogD3D11RHI: Async texture creation enabled
[2020.03.03-09.44.57:785][  0]LogRendererCore: FGlobalReadBuffer::InitRHI
[2020.03.03-09.44.57:785][  0]LogRendererCore: FGlobalReadBuffer::InitRHI
[2020.03.03-09.44.57:785][  0]LogRendererCore: FGlobalReadBuffer::InitRHI
[2020.03.03-09.44.57:800][  0]LogD3D11RHI: GPU Timing Frequency: 1000.000000 (Debug: 2 2)
[2020.03.03-09.44.58:233][  0]LogTemp: Display: Module 'AllDesktopTargetPlatform' loaded TargetPlatform 'AllDesktop'
[2020.03.03-09.44.58:247][  0]LogTemp: Display: Module 'MacClientTargetPlatform' loaded TargetPlatform 'MacClient'
[2020.03.03-09.44.58:263][  0]LogTemp: Display: Module 'MacNoEditorTargetPlatform' loaded TargetPlatform 'MacNoEditor'
[2020.03.03-09.44.58:276][  0]LogTemp: Display: Module 'MacServerTargetPlatform' loaded TargetPlatform 'MacServer'
[2020.03.03-09.44.58:294][  0]LogTemp: Display: Module 'MacTargetPlatform' loaded TargetPlatform 'Mac'
[2020.03.03-09.44.58:310][  0]LogTemp: Display: Module 'WindowsClientTargetPlatform' loaded TargetPlatform 'WindowsClient'
[2020.03.03-09.44.58:324][  0]LogTemp: Display: Module 'WindowsNoEditorTargetPlatform' loaded TargetPlatform 'WindowsNoEditor'
[2020.03.03-09.44.58:342][  0]LogTemp: Display: Module 'WindowsServerTargetPlatform' loaded TargetPlatform 'WindowsServer'
[2020.03.03-09.44.58:350][  0]LogTemp: Display: Module 'WindowsTargetPlatform' loaded TargetPlatform 'Windows'
[2020.03.03-09.44.58:444][  0]LogTemp: Display: Module 'AndroidTargetPlatform' loaded TargetPlatform 'Android'
[2020.03.03-09.44.58:444][  0]LogTemp: Display: Module 'AndroidTargetPlatform' loaded TargetPlatform 'Android_ASTC'
[2020.03.03-09.44.58:444][  0]LogTemp: Display: Module 'AndroidTargetPlatform' loaded TargetPlatform 'Android_ATC'
[2020.03.03-09.44.58:444][  0]LogTemp: Display: Module 'AndroidTargetPlatform' loaded TargetPlatform 'Android_DXT'
[2020.03.03-09.44.58:444][  0]LogTemp: Display: Module 'AndroidTargetPlatform' loaded TargetPlatform 'Android_ETC1'
[2020.03.03-09.44.58:444][  0]LogTemp: Display: Module 'AndroidTargetPlatform' loaded TargetPlatform 'Android_ETC1a'
[2020.03.03-09.44.58:444][  0]LogTemp: Display: Module 'AndroidTargetPlatform' loaded TargetPlatform 'Android_ETC2'
[2020.03.03-09.44.58:444][  0]LogTemp: Display: Module 'AndroidTargetPlatform' loaded TargetPlatform 'Android_PVRTC'
[2020.03.03-09.44.58:444][  0]LogTemp: Display: Module 'AndroidTargetPlatform' loaded TargetPlatform 'AndroidClient'
[2020.03.03-09.44.58:444][  0]LogTemp: Display: Module 'AndroidTargetPlatform' loaded TargetPlatform 'Android_ASTCClient'
[2020.03.03-09.44.58:444][  0]LogTemp: Display: Module 'AndroidTargetPlatform' loaded TargetPlatform 'Android_ATCClient'
[2020.03.03-09.44.58:444][  0]LogTemp: Display: Module 'AndroidTargetPlatform' loaded TargetPlatform 'Android_DXTClient'
[2020.03.03-09.44.58:444][  0]LogTemp: Display: Module 'AndroidTargetPlatform' loaded TargetPlatform 'Android_ETC1Client'
[2020.03.03-09.44.58:444][  0]LogTemp: Display: Module 'AndroidTargetPlatform' loaded TargetPlatform 'Android_ETC1aClient'
[2020.03.03-09.44.58:444][  0]LogTemp: Display: Module 'AndroidTargetPlatform' loaded TargetPlatform 'Android_ETC2Client'
[2020.03.03-09.44.58:444][  0]LogTemp: Display: Module 'AndroidTargetPlatform' loaded TargetPlatform 'Android_PVRTCClient'
[2020.03.03-09.44.58:444][  0]LogTemp: Display: Module 'AndroidTargetPlatform' loaded TargetPlatform 'Android_Multi'
[2020.03.03-09.44.58:444][  0]LogTemp: Display: Module 'AndroidTargetPlatform' loaded TargetPlatform 'Android_MultiClient'
[2020.03.03-09.44.58:447][  0]LogTemp: Display: Module 'HTML5TargetPlatform' loaded TargetPlatform 'HTML5'
[2020.03.03-09.44.58:509][  0]LogTemp: Display: Module 'IOSTargetPlatform' loaded TargetPlatform 'IOSClient'
[2020.03.03-09.44.58:509][  0]LogTemp: Display: Module 'IOSTargetPlatform' loaded TargetPlatform 'IOS'
[2020.03.03-09.44.58:531][  0]LogTemp: Display: Module 'TVOSTargetPlatform' loaded TargetPlatform 'TVOSClient'
[2020.03.03-09.44.58:531][  0]LogTemp: Display: Module 'TVOSTargetPlatform' loaded TargetPlatform 'TVOS'
[2020.03.03-09.44.58:544][  0]LogTemp: Display: Module 'LinuxClientTargetPlatform' loaded TargetPlatform 'LinuxClient'
[2020.03.03-09.44.58:556][  0]LogTemp: Display: Module 'LinuxNoEditorTargetPlatform' loaded TargetPlatform 'LinuxNoEditor'
[2020.03.03-09.44.58:567][  0]LogTemp: Display: Module 'LinuxServerTargetPlatform' loaded TargetPlatform 'LinuxServer'
[2020.03.03-09.44.58:589][  0]LogTemp: Display: Module 'LinuxTargetPlatform' loaded TargetPlatform 'Linux'
[2020.03.03-09.44.58:634][  0]LogTemp: Display: Module 'LuminTargetPlatform' loaded TargetPlatform 'Lumin'
[2020.03.03-09.44.58:634][  0]LogTemp: Display: Module 'LuminTargetPlatform' loaded TargetPlatform 'LuminClient'
[2020.03.03-09.44.58:634][  0]LogTargetPlatformManager: Display: Building Assets For Windows
[2020.03.03-09.44.58:674][  0]LogAudioDebug: Display: Lib vorbis DLL was dynamically loaded.
[2020.03.03-09.44.58:781][  0]LogShaderCompilers: Guid format shader working directory is -9 characters bigger than the processId version (../../../../../../Users/Utilisateur/Documents/Unreal/pvparena/Intermediate/Shaders/WorkingDirectory/1104/).
[2020.03.03-09.44.58:781][  0]LogShaderCompilers: Cleaned the shader compiler working directory 'C:/Users/Utilisateur/AppData/Local/Temp/UnrealShaderWorkingDir/5DC9D39B4DB63FF25672A5A166E674A5/'.
[2020.03.03-09.44.58:784][  0]LogXGEController: Cleaning working directory: C:/Users/Utilisateur/AppData/Local/Temp/UnrealXGEWorkingDir/
[2020.03.03-09.44.58:784][  0]LogXGEController: Cannot use XGE Controller as Incredibuild is not installed on this machine.
[2020.03.03-09.44.58:785][  0]LogShaderCompilers: Cannot use XGE Shader Compiler as Incredibuild is not installed on this machine.
[2020.03.03-09.44.58:785][  0]LogShaderCompilers: Display: Using Local Shader Compiler.
[2020.03.03-09.45.01:283][  0]LogDerivedDataCache: Display: Max Cache Size: 512 MB
[2020.03.03-09.45.01:283][  0]LogDerivedDataCache: Display: Starting with empty Boot cache
[2020.03.03-09.45.01:283][  0]LogDerivedDataCache: FDerivedDataBackendGraph:  Pak pak cache file ../../../../../../Users/Utilisateur/Documents/Unreal/pvparena/DerivedDataCache/DDC.ddp not found, will not use a pak cache.
[2020.03.03-09.45.01:284][  0]LogDerivedDataCache: Unable to find inner node Pak for hierarchical cache Hierarchy.
[2020.03.03-09.45.01:284][  0]LogDerivedDataCache: FDerivedDataBackendGraph:  CompressedPak pak cache file ../../../../../../Users/Utilisateur/Documents/Unreal/pvparena/DerivedDataCache/Compressed.ddp not found, will not use a pak cache.
[2020.03.03-09.45.01:284][  0]LogDerivedDataCache: Unable to find inner node CompressedPak for hierarchical cache Hierarchy.
[2020.03.03-09.45.01:306][  0]LogDerivedDataCache: Display: Pak cache opened for reading ../../../Engine/DerivedDataCache/Compressed.ddp.
[2020.03.03-09.45.01:306][  0]LogDerivedDataCache: FDerivedDataBackendGraph:  EnterprisePak pak cache file ../../../Enterprise/DerivedDataCache/Compressed.ddp not found, will not use a pak cache.
[2020.03.03-09.45.01:306][  0]LogDerivedDataCache: Unable to find inner node EnterprisePak for hierarchical cache Hierarchy.
[2020.03.03-09.45.01:318][  0]LogDerivedDataCache: Using Local data cache path C:/Users/Utilisateur/AppData/Local/UnrealEngine/Common/DerivedDataCache: Writable
[2020.03.03-09.45.01:318][  0]LogDerivedDataCache: Shared data cache path not found in *engine.ini, will not use an Shared cache.
[2020.03.03-09.45.01:318][  0]LogDerivedDataCache: Unable to find inner node Shared for hierarchical cache Hierarchy.
[2020.03.03-09.45.01:349][  0]LogMaterial: Verifying Global Shaders for PCD3D_SM5
[2020.03.03-09.45.01:355][  0]LogSlate: Using FreeType 2.6.0
[2020.03.03-09.45.01:370][  0]LogSlate: SlateFontServices - WITH_FREETYPE: 1, WITH_HARFBUZZ: 1
[2020.03.03-09.45.01:622][  0]LogAssetRegistry: FAssetRegistry took 0.0342 seconds to start up
[2020.03.03-09.45.02:085][  0]LogInit: Selected Device Profile: [Windows]
[2020.03.03-09.45.02:473][  0]LogMeshReduction: Using QuadricMeshReduction for automatic static mesh reduction
[2020.03.03-09.45.02:473][  0]LogMeshReduction: Using SimplygonMeshReduction for automatic skeletal mesh reduction
[2020.03.03-09.45.02:473][  0]LogMeshReduction: Using ProxyLODMeshReduction for automatic mesh merging
[2020.03.03-09.45.02:473][  0]LogMeshReduction: No distributed automatic mesh merging module available
[2020.03.03-09.45.02:473][  0]LogMeshMerging: No distributed automatic mesh merging module available
[2020.03.03-09.45.02:538][  0]LogNetVersion: pvparena 1.0.0, NetCL: 5660361, EngineNetVer: 10, GameNetVer: 0 (Checksum: 816281365)
[2020.03.03-09.45.03:929][  0]LogPackageLocalizationCache: Processed 10 localized package path(s) for 1 prioritized culture(s) in 0.048605 seconds
[2020.03.03-09.45.03:939][  0]LogUObjectArray: 42205 objects as part of root set at end of initial load.
[2020.03.03-09.45.03:939][  0]LogUObjectAllocator: 7325032 out of 0 bytes used by permanent object pool.
[2020.03.03-09.45.03:939][  0]LogUObjectArray: CloseDisregardForGC: 0/0 objects in disregard for GC pool
[2020.03.03-09.45.06:830][  0]LogTcpMessaging: Initializing TcpMessaging bridge
[2020.03.03-09.45.06:847][  0]LogUdpMessaging: Initializing bridge on interface 0.0.0.0:0 to multicast group 230.0.0.1:6666.
[2020.03.03-09.45.07:029][  0]SourceControl: Source control is disabled
[2020.03.03-09.45.07:030][  0]SourceControl: Source control is disabled
[2020.03.03-09.45.07:041][  0]SourceControl: Source control is disabled
[2020.03.03-09.45.07:045][  0]SourceControl: Source control is disabled
[2020.03.03-09.45.07:245][  0]LogAndroidPermission: UAndroidPermissionCallbackProxy::GetInstance
[2020.03.03-09.45.07:355][  0]LogOcInput: OculusInput pre-init called
[2020.03.03-09.45.08:378][  0]LogEngine: Initializing Engine...
[2020.03.03-09.45.08:408][  0]LogHMD: Failed to initialize OpenVR with code 126
[2020.03.03-09.45.08:412][  0]LogStats: UGameplayTagsManager::InitializeManager -  0.002 s
[2020.03.03-09.45.08:754][  0]LogInit: Initializing FReadOnlyCVARCache
[2020.03.03-09.45.08:822][  0]LogAIModule: Creating AISystem for world Untitled
[2020.03.03-09.45.08:849][  0]LogInit: XAudio2 using 'Haut-parleurs (Realtek(R) Audio)' : 2 channels at 48 kHz using 32 bits per sample (channel mask 0x3)
[2020.03.03-09.45.08:875][  0]LogInit: FAudioDevice initialized.
[2020.03.03-09.45.08:875][  0]LogNetVersion: Set ProjectVersion to 1.0.0.0. Version Checksum will be recalculated on next use.
[2020.03.03-09.45.08:912][  0]LogDerivedDataCache: Saved boot cache 0.04s 73MB C:/Users/Utilisateur/AppData/Local/UnrealEngine/4.22/DerivedDataCache/Boot.ddc.
[2020.03.03-09.45.08:923][  0]LogInit: Texture streaming: Enabled
[2020.03.03-09.45.08:949][  0]LogEngineSessionManager: EngineSessionManager initialized
[2020.03.03-09.45.08:986][  0]LogInit: Transaction tracking system initialized
[2020.03.03-09.45.09:041][  0]BlueprintLog: New page: Editor Load
[2020.03.03-09.45.09:240][  0]LocalizationService: Localization service is disabled
[2020.03.03-09.45.09:701][  0]LogFileCache: Scanning file cache for directory 'C:/Users/Utilisateur/Documents/Unreal/pvparena/Content/' took 0.01s
[2020.03.03-09.45.09:701][  0]LogCook: Display: Max memory allowance for cook 16384mb min free memory 0mb
[2020.03.03-09.45.09:702][  0]LogCook: Display: Mobile HDR setting 1
[2020.03.03-09.45.10:210][  0]SourceControl: Source control is disabled
[2020.03.03-09.45.10:212][  0]Cmd: MAP LOAD FILE="../../../Engine/Content/Maps/Templates/Template_Default.umap" TEMPLATE=1 SHOWPROGRESS=1 FEATURELEVEL=3
[2020.03.03-09.45.10:214][  0]LightingResults: New page: Lighting Build
[2020.03.03-09.45.10:226][  0]MapCheck: New page: Map Check
[2020.03.03-09.45.10:226][  0]LightingResults: New page: Lighting Build
[2020.03.03-09.45.10:268][  0]LogUObjectHash: Compacting FUObjectHashTables data took   2.12ms
[2020.03.03-09.45.10:440][  0]LogAIModule: Creating AISystem for world Untitled_1
[2020.03.03-09.45.10:467][  0]LogEditorServer: Finished looking for orphan Actors (0.000 secs)
[2020.03.03-09.45.10:491][  0]LogUObjectHash: Compacting FUObjectHashTables data took   1.95ms
[2020.03.03-09.45.10:491][  0]Cmd: MAP CHECKDEP NOCLEARLOG
[2020.03.03-09.45.10:492][  0]MapCheck: Map check complete: 0 Error(s), 0 Warning(s), took 0,516ms to complete.
[2020.03.03-09.45.10:492][  0]LogFileHelpers: Loading map 'Template_Default' took 0.281
[2020.03.03-09.45.10:713][  0]LogSlate: Updating window title bar state: overlay mode, drag disabled, window buttons hidden, title bar hidden
[2020.03.03-09.45.10:721][  0]LogSlate: Updating window title bar state: overlay mode, drag disabled, window buttons hidden, title bar hidden
[2020.03.03-09.45.10:728][  0]LogSlate: Updating window title bar state: overlay mode, drag disabled, window buttons hidden, title bar hidden
[2020.03.03-09.45.10:735][  0]LogSlate: Updating window title bar state: overlay mode, drag disabled, window buttons hidden, title bar hidden
[2020.03.03-09.45.10:759][  0]LogCollectionManager: Loaded 0 collections in 0.001491 seconds
[2020.03.03-09.45.10:817][  0]LogFileCache: Scanning file cache for directory 'C:/Users/Utilisateur/Documents/Unreal/pvparena/Saved/Collections/' took 0.01s
[2020.03.03-09.45.10:817][  0]LogFileCache: Scanning file cache for directory 'C:/Users/Utilisateur/Documents/Unreal/pvparena/Content/Developers/Utilisateur/Collections/' took 0.01s
[2020.03.03-09.45.10:817][  0]LogFileCache: Scanning file cache for directory 'C:/Users/Utilisateur/Documents/Unreal/pvparena/Content/Collections/' took 0.01s
[2020.03.03-09.45.10:817][  0]LogCollectionManager: Rebuilt the GUID cache for 0 collections in 0.000000 seconds
[2020.03.03-09.45.10:827][  0]LogContentBrowser: Native class hierarchy populated in 0.0083 seconds. Added 2732 classes and 659 folders.
[2020.03.03-09.45.10:843][  0]LogContentBrowser: Native class hierarchy updated for 'WidgetCarousel' in 0.0002 seconds. Added 0 classes and 0 folders.
[2020.03.03-09.45.10:853][  0]LogPakFile: Registered encryption key '00000000000000000000000000000000': 0 pak files mounted, 0 remain pending
[2020.03.03-09.45.10:862][  0]LogPakFile: Registered encryption key '00000000000000000000000000000000': 0 pak files mounted, 0 remain pending
[2020.03.03-09.45.10:875][  0]LogPakFile: Registered encryption key '00000000000000000000000000000000': 0 pak files mounted, 0 remain pending
[2020.03.03-09.45.10:880][  0]LogPakFile: Registered encryption key '00000000000000000000000000000000': 0 pak files mounted, 0 remain pending
[2020.03.03-09.45.10:886][  0]LogPakFile: Registered encryption key '00000000000000000000000000000000': 0 pak files mounted, 0 remain pending
[2020.03.03-09.45.10:890][  0]LogPakFile: Registered encryption key '00000000000000000000000000000000': 0 pak files mounted, 0 remain pending
[2020.03.03-09.45.10:895][  0]LogPakFile: Registered encryption key '00000000000000000000000000000000': 0 pak files mounted, 0 remain pending
[2020.03.03-09.45.10:900][  0]LogPakFile: Registered encryption key '00000000000000000000000000000000': 0 pak files mounted, 0 remain pending
[2020.03.03-09.45.10:906][  0]LogPakFile: Registered encryption key '00000000000000000000000000000000': 0 pak files mounted, 0 remain pending
[2020.03.03-09.45.10:912][  0]LogPakFile: Registered encryption key '00000000000000000000000000000000': 0 pak files mounted, 0 remain pending
[2020.03.03-09.45.10:918][  0]LogPakFile: Registered encryption key '00000000000000000000000000000000': 0 pak files mounted, 0 remain pending
[2020.03.03-09.45.10:924][  0]LogPakFile: Registered encryption key '00000000000000000000000000000000': 0 pak files mounted, 0 remain pending
[2020.03.03-09.45.10:929][  0]LogPakFile: Registered encryption key '00000000000000000000000000000000': 0 pak files mounted, 0 remain pending
[2020.03.03-09.45.10:935][  0]LogPakFile: Registered encryption key '00000000000000000000000000000000': 0 pak files mounted, 0 remain pending
[2020.03.03-09.45.10:940][  0]LogPakFile: Registered encryption key '00000000000000000000000000000000': 0 pak files mounted, 0 remain pending
[2020.03.03-09.45.10:945][  0]LogPakFile: Registered encryption key '00000000000000000000000000000000': 0 pak files mounted, 0 remain pending
[2020.03.03-09.45.10:972][  0]LogPakFile: Registered encryption key '00000000000000000000000000000000': 0 pak files mounted, 0 remain pending
[2020.03.03-09.45.10:977][  0]LogPakFile: Registered encryption key '00000000000000000000000000000000': 0 pak files mounted, 0 remain pending
[2020.03.03-09.45.10:983][  0]LogPakFile: Registered encryption key '00000000000000000000000000000000': 0 pak files mounted, 0 remain pending
[2020.03.03-09.45.10:988][  0]LogPakFile: Registered encryption key '00000000000000000000000000000000': 0 pak files mounted, 0 remain pending
[2020.03.03-09.45.10:993][  0]LogPakFile: Registered encryption key '00000000000000000000000000000000': 0 pak files mounted, 0 remain pending
[2020.03.03-09.45.10:998][  0]LogPakFile: Registered encryption key '00000000000000000000000000000000': 0 pak files mounted, 0 remain pending
[2020.03.03-09.45.11:004][  0]LogPakFile: Registered encryption key '00000000000000000000000000000000': 0 pak files mounted, 0 remain pending
[2020.03.03-09.45.11:010][  0]LogPakFile: Registered encryption key '00000000000000000000000000000000': 0 pak files mounted, 0 remain pending
[2020.03.03-09.45.11:015][  0]LogPakFile: Registered encryption key '00000000000000000000000000000000': 0 pak files mounted, 0 remain pending
[2020.03.03-09.45.11:021][  0]LogPakFile: Registered encryption key '00000000000000000000000000000000': 0 pak files mounted, 0 remain pending
[2020.03.03-09.45.11:200][  0]LogContentBrowser: Native class hierarchy updated for 'AddContentDialog' in 0.0003 seconds. Added 0 classes and 0 folders.
[2020.03.03-09.45.11:213][  0]LogContentBrowser: Native class hierarchy updated for 'SceneOutliner' in 0.0003 seconds. Added 1 classes and 2 folders.
[2020.03.03-09.45.11:283][  0]LogSlate: Took 0.006122 seconds to synchronously load lazily loaded font '../../../Engine/Content/Slate/Fonts/Roboto-Regular.ttf' (155K)
[2020.03.03-09.45.11:292][  0]LogSlate: Took 0.005407 seconds to synchronously load lazily loaded font '../../../Engine/Content/Slate/Fonts/Roboto-Bold.ttf' (160K)
[2020.03.03-09.45.11:305][  0]LogSlate: Took 0.006919 seconds to synchronously load lazily loaded font '../../../Engine/Content/Editor/Slate/Fonts/FontAwesome.ttf' (139K)
[2020.03.03-09.45.11:402][  0]LogRenderer: Reallocating scene render targets to support 964x436 Format 10 NumSamples 1 (Frame:1).
[2020.03.03-09.45.11:620][  0]LogSlate: FSceneViewport::OnFocusLost() reason 2
[2020.03.03-09.45.11:641][  0]LogSlate: Window 'Tutorials' being destroyed
[2020.03.03-09.45.11:676][  0]LogContentBrowser: Native class hierarchy updated for 'HierarchicalLODOutliner' in 0.0002 seconds. Added 0 classes and 0 folders.
[2020.03.03-09.45.11:676][  0]LogLoad: (Engine Initialization) Total time: 22.22 seconds
[2020.03.03-09.45.11:676][  0]LogLoad: (Engine Initialization) Total Blueprint compile time: 0.00 seconds
[2020.03.03-09.45.11:733][  0]LogContentStreaming: Texture pool size now 1000 MB
[2020.03.03-09.45.11:754][  0]LogSlate: Took 0.005050 seconds to synchronously load lazily loaded font '../../../Engine/Content/Slate/Fonts/Roboto-Light.ttf' (167K)
[2020.03.03-09.45.11:956][ 10]LogAssetRegistry: Asset discovery search completed in 10.3556 seconds
[2020.03.03-09.45.11:960][ 10]LogCollectionManager: Rebuilt the object cache for 0 collections in 0.000000 seconds (found 0 objects)
[2020.03.03-09.45.11:960][ 10]LogCollectionManager: Fixed up redirectors for 0 collections in 0.000059 seconds (updated 0 objects)
[2020.03.03-09.45.41:385][284]LogSlate: FSceneViewport::OnFocusLost() reason 2
[2020.03.03-09.45.43:010][365]LogSlate: FSceneViewport::OnFocusLost() reason 2
[2020.03.03-09.46.12:627][337]LogSlate: Window 'Source Control Login' being destroyed
[2020.03.03-09.46.17:863][651]LogSlate: FSceneViewport::OnFocusLost() reason 2
[2020.03.03-09.46.21:141][846]SourceControl: fatal: C:/Program Files/Epic Games/UE_4.22/Engine/Content: 'C:/Program Files/Epic Games/UE_4.22/Engine/Content' is outside repository
[2020.03.03-09.46.21:225][846]EditorErrors: Warning: No assets to check in!
[2020.03.03-09.46.25:407][ 97]LogSlate: Window 'Message Log' being destroyed
[2020.03.03-09.46.25:413][ 97]LogSlate: Window 'Message Log' being destroyed
[2020.03.03-09.48.45:673][791]LogEditorViewport: Clicking on Actor (LMB): StaticMeshActor (Floor)
